<?xml version="1.0" encoding="UTF-8"?>
<!-- Generated by org.testng.reporters.JUnitReportReporter -->
<testsuite hostname="pc0629" failures="0" tests="6" name="hrDoorwayTestcase.HrDoorwat_Test_Case" time="112.123" errors="0" timestamp="2022-05-05T11:55:01 IST" skipped="0">
  <testcase classname="hrDoorwayTestcase.HrDoorwat_Test_Case" name="page1" time="7.954"/>
  <system-out/>
  <testcase classname="hrDoorwayTestcase.HrDoorwat_Test_Case" name="page2" time="10.165"/>
  <system-out/>
  <testcase classname="hrDoorwayTestcase.HrDoorwat_Test_Case" name="page4" time="59.489"/>
  <system-out/>
  <testcase classname="hrDoorwayTestcase.HrDoorwat_Test_Case" name="page5" time="16.831"/>
  <system-out/>
  <testcase classname="hrDoorwayTestcase.HrDoorwat_Test_Case" name="page6" time="14.481"/>
  <system-out/>
  <testcase classname="hrDoorwayTestcase.HrDoorwat_Test_Case" name="page3" time="3.203"/>
  <system-out/>
</testsuite> <!-- hrDoorwayTestcase.HrDoorwat_Test_Case -->
