<?xml version="1.0" encoding="UTF-8"?>
<!-- Generated by org.testng.reporters.JUnitReportReporter -->
<testsuite hostname="pc0629" failures="0" tests="6" name="hrDoorwayTestcase.HrDoorwat_Test_Case" time="106.291" errors="0" timestamp="2022-05-04T18:19:55 IST" skipped="0">
  <testcase classname="hrDoorwayTestcase.HrDoorwat_Test_Case" name="page1" time="3.372"/>
  <system-out/>
  <testcase classname="hrDoorwayTestcase.HrDoorwat_Test_Case" name="page2" time="10.033"/>
  <system-out/>
  <testcase classname="hrDoorwayTestcase.HrDoorwat_Test_Case" name="page4" time="58.792"/>
  <system-out/>
  <testcase classname="hrDoorwayTestcase.HrDoorwat_Test_Case" name="page5" time="16.405"/>
  <system-out/>
  <testcase classname="hrDoorwayTestcase.HrDoorwat_Test_Case" name="page6" time="14.442"/>
  <system-out/>
  <testcase classname="hrDoorwayTestcase.HrDoorwat_Test_Case" name="page3" time="3.247"/>
  <system-out/>
</testsuite> <!-- hrDoorwayTestcase.HrDoorwat_Test_Case -->
